-------------------------------------------------------------------------------
Test set: com.maybank.emaiApp.EmaiAppApplicationTests
-------------------------------------------------------------------------------
Tests run: 1, Failures: 0, Errors: 1, Skipped: 0, Time elapsed: 23.781 s <<< FAILURE! - in com.maybank.emaiApp.EmaiAppApplicationTests
contextLoads(com.maybank.emaiApp.EmaiAppApplicationTests)  Time elapsed: 0.001 s  <<< ERROR!
java.lang.IllegalStateException: Failed to load ApplicationContext
Caused by: org.springframework.beans.factory.UnsatisfiedDependencyException: Error creating bean with name 'demoSelfieController': Unsatisfied dependency expressed through field 'serviceDemo'; nested exception is org.springframework.beans.factory.NoSuchBeanDefinitionException: No qualifying bean of type 'com.maybank.emaiApp.Services.IDemoSelfieService' available: expected at least 1 bean which qualifies as autowire candidate. Dependency annotations: {@org.springframework.beans.factory.annotation.Autowired(required=true)}
Caused by: org.springframework.beans.factory.NoSuchBeanDefinitionException: No qualifying bean of type 'com.maybank.emaiApp.Services.IDemoSelfieService' available: expected at least 1 bean which qualifies as autowire candidate. Dependency annotations: {@org.springframework.beans.factory.annotation.Autowired(required=true)}

